This is pdfTeX, Version 3.1415926-2.5-1.40.14 (MiKTeX 2.9 64-bit) (preloaded format=pdflatex 2014.2.3)  16 NOV 2014 15:49
entering extended mode
**title_page_mod.tex

("C:\Users\St Elmo Wilken\Documents\Post Grad\Honours Applied Mathematics\WTW 7
95 Essay\Write Up\title_page_mod.tex"
LaTeX2e <2011/06/27>
Babel <v3.8m> and hyphenation patterns for english, afrikaans, ancientgreek, ar
abic, armenian, assamese, basque, bengali, bokmal, bulgarian, catalan, coptic, 
croatian, czech, danish, dutch, esperanto, estonian, farsi, finnish, french, ga
lician, german, german-x-2013-05-26, greek, gujarati, hindi, hungarian, iceland
ic, indonesian, interlingua, irish, italian, kannada, kurmanji, latin, latvian,
 lithuanian, malayalam, marathi, mongolian, mongolianlmc, monogreek, ngerman, n
german-x-2013-05-26, nynorsk, oriya, panjabi, pinyin, polish, portuguese, roman
ian, russian, sanskrit, serbian, slovak, slovenian, spanish, swedish, swissgerm
an, tamil, telugu, turkish, turkmen, ukenglish, ukrainian, uppersorbian, usengl
ishmax, welsh, loaded.

! LaTeX Error: Environment titlepage undefined.

See the LaTeX manual or LaTeX Companion for explanation.
Type  H <return>  for immediate help.
 ...                                              
                                                  
l.1 \begin{titlepage}
                     
Your command was ignored.
Type  I <command> <return>  to replace it with another command,
or  <return>  to continue without it.


! LaTeX Error: Missing \begin{document}.

See the LaTeX manual or LaTeX Companion for explanation.
Type  H <return>  for immediate help.
 ...                                              
                                                  
l.3 \center
            % Center everything on the page
You're in trouble here.  Try typing  <return>  to proceed.
If that doesn't work, type  X <return>  to quit.


Overfull \hbox (20.0pt too wide) in paragraph at lines 3--3
[] 
 []

! Undefined control sequence.
<recently read> \LARGE 
                       
l.9 \textsc{\LARGE University of Pretoria}
                                          \\[1.5cm] % Name of your universit...
The control sequence at the end of the top line
of your error message was never \def'ed. If you have
misspelled it (e.g., `\hobx'), type `I' and the correct
spelling (e.g., `I\hbox'). Otherwise just continue,
and I'll forget about whatever was undefined.


Overfull \hbox (54.67194pt too wide) in paragraph at lines 9--9
 \OT1/cmr/m/sc/10 University 
 []


Overfull \hbox (11.71107pt too wide) in paragraph at lines 9--9
 \OT1/cmr/m/sc/10 of 
 []


Overfull \hbox (22.79427pt too wide) in paragraph at lines 9--9
 \OT1/cmr/m/sc/10 Pre- 
 []


Overfull \hbox (16.04434pt too wide) in paragraph at lines 9--9
 \OT1/cmr/m/sc/10 to- 
 []


Overfull \hbox (15.17772pt too wide) in paragraph at lines 9--9
 \OT1/cmr/m/sc/10 ria 
 []

! Undefined control sequence.
<recently read> \Large 
                       
l.10 ...nt of Mathematics and Applied Mathematics}
                                                  \\[0.5cm] % Major heading ...
The control sequence at the end of the top line
of your error message was never \def'ed. If you have
misspelled it (e.g., `\hobx'), type `I' and the correct
spelling (e.g., `I\hbox'). Otherwise just continue,
and I'll forget about whatever was undefined.


Overfull \hbox (61.26906pt too wide) in paragraph at lines 10--10
 []\OT1/cmr/m/sc/10 Department 
 []


Overfull \hbox (11.71107pt too wide) in paragraph at lines 10--10
 \OT1/cmr/m/sc/10 of 
 []


Overfull \hbox (31.17754pt too wide) in paragraph at lines 10--10
 \OT1/cmr/m/sc/10 Math- 
 []


Overfull \hbox (9.35548pt too wide) in paragraph at lines 10--10
 \OT1/cmr/m/sc/10 e- 
 []


Overfull \hbox (22.62207pt too wide) in paragraph at lines 10--10
 \OT1/cmr/m/sc/10 mat- 
 []


Overfull \hbox (13.51103pt too wide) in paragraph at lines 10--10
 \OT1/cmr/m/sc/10 ics 
 []


Overfull \hbox (18.51106pt too wide) in paragraph at lines 10--10
 \OT1/cmr/m/sc/10 and 
 []


Overfull \hbox (17.4943pt too wide) in paragraph at lines 10--10
 \OT1/cmr/m/sc/10 Ap- 
 []


Overfull \hbox (25.55542pt too wide) in paragraph at lines 10--10
 \OT1/cmr/m/sc/10 plied 
 []


Overfull \hbox (31.17754pt too wide) in paragraph at lines 10--10
 \OT1/cmr/m/sc/10 Math- 
 []


Overfull \hbox (9.35548pt too wide) in paragraph at lines 10--10
 \OT1/cmr/m/sc/10 e- 
 []


Overfull \hbox (22.62207pt too wide) in paragraph at lines 10--10
 \OT1/cmr/m/sc/10 mat- 
 []


Overfull \hbox (13.51103pt too wide) in paragraph at lines 10--10
 \OT1/cmr/m/sc/10 ics 
 []

! Undefined control sequence.
<recently read> \large 
                       
l.11 \textsc{\large WTW 795: Essay}
                                   \\[3.5cm] % Minor heading such as course ...
The control sequence at the end of the top line
of your error message was never \def'ed. If you have
misspelled it (e.g., `\hobx'), type `I' and the correct
spelling (e.g., `I\hbox'). Otherwise just continue,
and I'll forget about whatever was undefined.


Overfull \hbox (29.97194pt too wide) in paragraph at lines 11--11
 []\OT1/cmr/m/sc/10 WTW 
 []


Overfull \hbox (19.77757pt too wide) in paragraph at lines 11--11
 \OT1/cmr/m/sc/10 795: 
 []


Overfull \hbox (15.77208pt too wide) in paragraph at lines 11--11
 \OT1/cmr/m/sc/10 Es- 
 []


Overfull \hbox (16.37769pt too wide) in paragraph at lines 11--11
 \OT1/cmr/m/sc/10 say 
 []

! Undefined control sequence.
l.18 \huge
           \textsc{Finite Element Approximation for a Convection, Diffusion ...
The control sequence at the end of the top line
of your error message was never \def'ed. If you have
misspelled it (e.g., `\hobx'), type `I' and the correct
spelling (e.g., `I\hbox'). Otherwise just continue,
and I'll forget about whatever was undefined.


Overfull \hbox (30.79147pt too wide) in paragraph at lines 18--18
 []\OT1/cmr/m/sc/10 Finite 
 []


Overfull \hbox (16.32762pt too wide) in paragraph at lines 18--18
 \OT1/cmr/m/sc/10 El- 
 []


Overfull \hbox (9.35548pt too wide) in paragraph at lines 18--18
 \OT1/cmr/m/sc/10 e- 
 []


Overfull \hbox (25.08876pt too wide) in paragraph at lines 18--18
 \OT1/cmr/m/sc/10 ment 
 []


Overfull \hbox (17.4943pt too wide) in paragraph at lines 18--18
 \OT1/cmr/m/sc/10 Ap- 
 []


Overfull \hbox (27.42207pt too wide) in paragraph at lines 18--18
 \OT1/cmr/m/sc/10 prox- 
 []


Overfull \hbox (6.79994pt too wide) in paragraph at lines 18--18
 \OT1/cmr/m/sc/10 i- 
 []


Overfull \hbox (17.37769pt too wide) in paragraph at lines 18--18
 \OT1/cmr/m/sc/10 ma- 
 []


Overfull \hbox (21.42212pt too wide) in paragraph at lines 18--18
 \OT1/cmr/m/sc/10 tion 
 []


Overfull \hbox (17.51105pt too wide) in paragraph at lines 18--18
 \OT1/cmr/m/sc/10 for 
 []


Overfull \hbox (6.13332pt too wide) in paragraph at lines 18--18
 \OT1/cmr/m/sc/10 a 
 []


Overfull \hbox (24.12762pt too wide) in paragraph at lines 18--18
 \OT1/cmr/m/sc/10 Con- 
 []


Overfull \hbox (21.39987pt too wide) in paragraph at lines 18--18
 \OT1/cmr/m/sc/10 vec- 
 []


Overfull \hbox (24.61652pt too wide) in paragraph at lines 18--18
 \OT1/cmr/m/sc/10 tion, 
 []


Overfull \hbox (20.44708pt too wide) in paragraph at lines 18--18
 \OT1/cmr/m/sc/10 Dif- 
 []


Overfull \hbox (15.2666pt too wide) in paragraph at lines 18--18
 \OT1/cmr/m/sc/10 fu- 
 []


Overfull \hbox (20.0888pt too wide) in paragraph at lines 18--18
 \OT1/cmr/m/sc/10 sion 
 []


Overfull \hbox (18.51106pt too wide) in paragraph at lines 18--18
 \OT1/cmr/m/sc/10 and 
 []


Overfull \hbox (17.35541pt too wide) in paragraph at lines 18--18
 \OT1/cmr/m/sc/10 Re- 
 []


Overfull \hbox (15.5999pt too wide) in paragraph at lines 18--18
 \OT1/cmr/m/sc/10 ac- 
 []


Overfull \hbox (21.42212pt too wide) in paragraph at lines 18--18
 \OT1/cmr/m/sc/10 tion 
 []


Overfull \hbox (19.06657pt too wide) in paragraph at lines 18--18
 \OT1/cmr/m/sc/10 sys- 
 []


Overfull \hbox (18.95544pt too wide) in paragraph at lines 18--18
 \OT1/cmr/m/sc/10 tem 
 []


Overfull \hbox (9.15552pt too wide) in paragraph at lines 18--18
 \OT1/cmr/m/sc/10 in 
 []


Overfull \hbox (6.13332pt too wide) in paragraph at lines 18--18
 \OT1/cmr/m/sc/10 a 
 []


Overfull \hbox (29.7054pt too wide) in paragraph at lines 18--18
 \OT1/cmr/m/sc/10 Tubu- 
 []


Overfull \hbox (17.28882pt too wide) in paragraph at lines 18--18
 \OT1/cmr/m/sc/10 lar 
 []


Overfull \hbox (17.35541pt too wide) in paragraph at lines 18--18
 \OT1/cmr/m/sc/10 Re- 
 []


Overfull \hbox (15.5999pt too wide) in paragraph at lines 18--18
 \OT1/cmr/m/sc/10 ac- 
 []


Overfull \hbox (18.2888pt too wide) in paragraph at lines 18--18
 \OT1/cmr/m/sc/10 tor 
 []

! Undefined control sequence.
l.25 \begin{flushleft} \large
                             
The control sequence at the end of the top line
of your error message was never \def'ed. If you have
misspelled it (e.g., `\hobx'), type `I' and the correct
spelling (e.g., `I\hbox'). Otherwise just continue,
and I'll forget about whatever was undefined.

Missing character: There is no S in font nullfont!
Missing character: There is no t in font nullfont!
Missing character: There is no . in font nullfont!
Missing character: There is no E in font nullfont!
Missing character: There is no l in font nullfont!
Missing character: There is no m in font nullfont!
Missing character: There is no o in font nullfont!
Missing character: There is no W in font nullfont!
Missing character: There is no i in font nullfont!
Missing character: There is no l in font nullfont!
Missing character: There is no k in font nullfont!
Missing character: There is no e in font nullfont!
Missing character: There is no n in font nullfont!
LaTeX Font Info:    External font `cmex10' loaded for size
(Font)              <7> on input line 29.
LaTeX Font Info:    External font `cmex10' loaded for size
(Font)              <5> on input line 29.
! Undefined control sequence.
l.32 \begin{flushright} \large
                              
The control sequence at the end of the top line
of your error message was never \def'ed. If you have
misspelled it (e.g., `\hobx'), type `I' and the correct
spelling (e.g., `I\hbox'). Otherwise just continue,
and I'll forget about whatever was undefined.

Missing character: There is no 2 in font nullfont!
Missing character: There is no 9 in font nullfont!
Missing character: There is no 0 in font nullfont!
Missing character: There is no 3 in font nullfont!
Missing character: There is no 4 in font nullfont!
Missing character: There is no 1 in font nullfont!
Missing character: There is no 3 in font nullfont!
Missing character: There is no 3 in font nullfont!

Overfull \hbox (3276.74998pt too wide) in paragraph at lines 24--36
 []$[]$ 
 []


Overfull \hbox (3276.74998pt too wide) in paragraph at lines 24--36
 $[]$ 
 []

! Undefined control sequence.
l.43 {\large
             \today}\\[3cm] % Date, change the \today to a set date if you w...
The control sequence at the end of the top line
of your error message was never \def'ed. If you have
misspelled it (e.g., `\hobx'), type `I' and the correct
spelling (e.g., `I\hbox'). Otherwise just continue,
and I'll forget about whatever was undefined.

! Undefined control sequence.
l.43 {\large \today
                   }\\[3cm] % Date, change the \today to a set date if you w...
The control sequence at the end of the top line
of your error message was never \def'ed. If you have
misspelled it (e.g., `\hobx'), type `I' and the correct
spelling (e.g., `I\hbox'). Otherwise just continue,
and I'll forget about whatever was undefined.


! LaTeX Error: There's no line here to end.

See the LaTeX manual or LaTeX Companion for explanation.
Type  H <return>  for immediate help.
 ...                                              
                                                  
l.43 {\large \today}\\
                      [3cm] % Date, change the \today to a set date if you w...

Your command was ignored.
Type  I <command> <return>  to replace it with another command,
or  <return>  to continue without it.


! LaTeX Error: \begin{document} ended by \end{titlepage}.

See the LaTeX manual or LaTeX Companion for explanation.
Type  H <return>  for immediate help.
 ...                                              
                                                  
l.47 \end{titlepage}
                    
Your command was ignored.
Type  I <command> <return>  to replace it with another command,
or  <return>  to continue without it.

)
! Emergency stop.
<*> title_page_mod.tex
                      
*** (job aborted, no legal \end found)

 
Here is how much of TeX's memory you used:
 19 strings out of 493921
 518 string characters out of 3147256
 51031 words of memory out of 3000000
 3410 multiletter control sequences out of 15000+200000
 4287 words of font info for 16 fonts, out of 3000000 for 9000
 841 hyphenation exceptions out of 8191
 20i,3n,18p,159b,217s stack positions out of 5000i,500n,10000p,200000b,50000s
!  ==> Fatal error occurred, no output PDF file produced!
